#
# There is insufficient memory for the Java Runtime Environment to continue.
# Native memory allocation (malloc) failed to allocate 319536 bytes for Chunk::new
# Possible reasons:
#   The system is out of physical RAM or swap space
#   The process is running with CompressedOops enabled, and the Java Heap may be blocking the growth of the native heap
# Possible solutions:
#   Reduce memory load on the system
#   Increase physical memory or swap space
#   Check if swap backing store is full
#   Decrease Java heap size (-Xmx/-Xms)
#   Decrease number of Java threads
#   Decrease Java thread stack sizes (-Xss)
#   Set larger code cache with -XX:ReservedCodeCacheSize=
#   JVM is running with Unscaled Compressed Oops mode in which the Java heap is
#     placed in the first 4GB address space. The Java Heap base address is the
#     maximum limit for the native heap growth. Please use -XX:HeapBaseMinAddress
#     to set the Java Heap base and to place the Java Heap above 4GB virtual address.
# This output file may be truncated or incomplete.
#
#  Out of Memory Error (allocation.cpp:389), pid=5088, tid=0x000000000000080c
#
# JRE version: OpenJDK Runtime Environment (8.0_242-b01) (build 1.8.0_242-release-1644-b01)
# Java VM: OpenJDK 64-Bit Server VM (25.242-b01 mixed mode windows-amd64 compressed oops)
# Failed to write core dump. Minidumps are not enabled by default on client versions of Windows
#

---------------  T H R E A D  ---------------

Current thread (0x0000000017255800):  JavaThread "C2 CompilerThread0" daemon [_thread_in_native, id=2060, stack(0x00000000188b0000,0x00000000189b0000)]

Stack: [0x00000000188b0000,0x00000000189b0000]
[error occurred during error reporting (printing stack bounds), id 0xc0000005]

Native frames: (J=compiled Java code, j=interpreted, Vv=VM code, C=native code)


Current CompileTask:
C2:  37860 15803 %     4       com.android.tools.r8.ir.regalloc.a::a @ 2115 (3993 bytes)


---------------  P R O C E S S  ---------------

Java Threads: ( => current thread )
  0x000000001b3dc800 JavaThread "ForkJoinPool-2-worker-0" daemon [_thread_blocked, id=4416, stack(0x00000000280a0000,0x00000000281a0000)]
  0x000000001e3ff800 JavaThread "ForkJoinPool-2-worker-3" daemon [_thread_blocked, id=12752, stack(0x0000000027fa0000,0x00000000280a0000)]
  0x000000001e3fe000 JavaThread "ForkJoinPool-2-worker-1" daemon [_thread_in_Java, id=2056, stack(0x0000000027da0000,0x0000000027ea0000)]
  0x000000001e3fd000 JavaThread "WorkerExecutor Queue Thread 5" [_thread_blocked, id=5896, stack(0x0000000027ca0000,0x0000000027da0000)]
  0x000000001e3fc800 JavaThread "WorkerExecutor Queue Thread 4" [_thread_blocked, id=6652, stack(0x0000000025bc0000,0x0000000025cc0000)]
  0x000000001e3f3800 JavaThread "Cache worker for Java compile cache (D:\BUITANPHAT\new reponse github\appAPEmployee\.gradle\6.1.1\javaCompile)" [_thread_blocked, id=8956, stack(0x00000000258c0000,0x00000000259c0000)]
  0x000000001e3f5000 JavaThread "Cache worker for Java compile cache (C:\Users\Administrator\.gradle\caches\6.1.1\javaCompile)" [_thread_blocked, id=9648, stack(0x00000000257c0000,0x00000000258c0000)]
  0x000000001e3f9800 JavaThread "WorkerExecutor Queue Thread 3" [_thread_in_native, id=6312, stack(0x00000000273a0000,0x00000000274a0000)]
  0x000000001e3f2000 JavaThread "WorkerExecutor Queue Thread 2" [_thread_in_native, id=724, stack(0x0000000025290000,0x0000000025390000)]
  0x000000001e3f1000 JavaThread "stdout" [_thread_in_native, id=10540, stack(0x00000000254c0000,0x00000000255c0000)]
  0x000000001e3f8000 JavaThread "stderr" [_thread_in_native, id=5852, stack(0x00000000253c0000,0x00000000254c0000)]
  0x000000001e3f6800 JavaThread "pool-2-thread-1" [_thread_blocked, id=7640, stack(0x0000000025190000,0x0000000025290000)]
  0x000000001e3f0800 JavaThread "WorkerExecutor Queue" [_thread_in_Java, id=1460, stack(0x0000000025090000,0x0000000025190000)]
  0x000000001b3de800 JavaThread "Cache worker for execution history cache (D:\BUITANPHAT\new reponse github\appAPEmployee\.gradle\6.1.1\executionHistory)" [_thread_blocked, id=9360, stack(0x0000000024b90000,0x0000000024c90000)]
  0x000000001b3dd000 JavaThread "Execution worker for ':' Thread 3" [_thread_blocked, id=11288, stack(0x0000000024890000,0x0000000024990000)]
  0x000000001b3db800 JavaThread "Execution worker for ':' Thread 2" [_thread_blocked, id=11720, stack(0x0000000024790000,0x0000000024890000)]
  0x000000001b3db000 JavaThread "Execution worker for ':'" [_thread_blocked, id=840, stack(0x0000000024460000,0x0000000024560000)]
  0x000000001b3da000 JavaThread "Cache worker for file content cache (D:\BUITANPHAT\new reponse github\appAPEmployee\.gradle\6.1.1\fileContent)" [_thread_blocked, id=10688, stack(0x0000000024160000,0x0000000024260000)]
  0x000000001b3d2800 JavaThread "Cache worker for file content cache (C:\Users\Administrator\.gradle\caches\6.1.1\fileContent)" [_thread_blocked, id=8280, stack(0x0000000024060000,0x0000000024160000)]
  0x000000001b3d7000 JavaThread "Memory manager" [_thread_blocked, id=2180, stack(0x0000000023f60000,0x0000000024060000)]
  0x000000001b3d5800 JavaThread "Cache worker for Build Output Cleanup Cache (D:\BUITANPHAT\new reponse github\appAPEmployee\.gradle\buildOutputCleanup)" [_thread_blocked, id=2716, stack(0x0000000023460000,0x0000000023560000)]
  0x000000001b3d9800 JavaThread "pool-1-thread-1" [_thread_blocked, id=9948, stack(0x0000000023160000,0x0000000023260000)]
  0x000000001b3d8800 JavaThread "Build operations Thread 4" [_thread_blocked, id=12372, stack(0x0000000022c60000,0x0000000022d60000)]
  0x000000001b3d8000 JavaThread "Build operations Thread 3" [_thread_blocked, id=11092, stack(0x0000000022b60000,0x0000000022c60000)]
  0x000000001b3d0000 JavaThread "Build operations Thread 2" [_thread_blocked, id=9924, stack(0x0000000022a60000,0x0000000022b60000)]
  0x000000001b3d1800 JavaThread "Build operations" [_thread_blocked, id=11664, stack(0x0000000022960000,0x0000000022a60000)]
  0x000000001adbc000 JavaThread "Cache worker for execution history cache (C:\Users\Administrator\.gradle\caches\6.1.1\executionHistory)" [_thread_blocked, id=13220, stack(0x00000000207a0000,0x00000000208a0000)]
  0x000000001adba800 JavaThread "Cache worker for cache directory md-rule (C:\Users\Administrator\.gradle\caches\6.1.1\md-rule)" [_thread_blocked, id=6576, stack(0x000000001f670000,0x000000001f770000)]
  0x000000001adb9800 JavaThread "Cache worker for cache directory md-supplier (C:\Users\Administrator\.gradle\caches\6.1.1\md-supplier)" [_thread_blocked, id=9748, stack(0x000000001f570000,0x000000001f670000)]
  0x000000001adbb000 JavaThread "Cache worker for file hash cache (D:\BUITANPHAT\new reponse github\appAPEmployee\.gradle\6.1.1\fileHashes)" [_thread_blocked, id=8260, stack(0x0000000020c90000,0x0000000020d90000)]
  0x000000001adb9000 JavaThread "Cache worker for checksums cache (D:\BUITANPHAT\new reponse github\appAPEmployee\.gradle\checksums)" [_thread_blocked, id=11788, stack(0x0000000020b90000,0x0000000020c90000)]
  0x000000001adbc800 JavaThread "Cache worker for file hash cache (C:\Users\Administrator\.gradle\caches\6.1.1\fileHashes)" [_thread_blocked, id=9836, stack(0x000000001cfd0000,0x000000001d0d0000)]
  0x000000001adb8000 JavaThread "File lock request listener" [_thread_in_native, id=5348, stack(0x000000001ced0000,0x000000001cfd0000)]
  0x000000001adde000 JavaThread "Cache worker for journal cache (C:\Users\Administrator\.gradle\caches\journal-1)" [_thread_blocked, id=1916, stack(0x000000001cdd0000,0x000000001ced0000)]
  0x0000000018f84000 JavaThread "Thread-9" [_thread_blocked, id=10252, stack(0x000000001cad0000,0x000000001cbd0000)]
  0x000000001ace1800 JavaThread "Stdin handler" [_thread_blocked, id=684, stack(0x000000001c9d0000,0x000000001cad0000)]
  0x000000001acd2000 JavaThread "Asynchronous log dispatcher for DefaultDaemonConnection: socket connection from /127.0.0.1:17729 to /127.0.0.1:17730" [_thread_blocked, id=7924, stack(0x000000001c8d0000,0x000000001c9d0000)]
  0x000000001acd1000 JavaThread "Daemon worker" [_thread_blocked, id=8224, stack(0x000000001c7d0000,0x000000001c8d0000)]
  0x000000001acce000 JavaThread "Cancel handler" [_thread_blocked, id=9468, stack(0x000000001c6d0000,0x000000001c7d0000)]
  0x000000001ac53800 JavaThread "Handler for socket connection from /127.0.0.1:17729 to /127.0.0.1:17730" [_thread_in_native, id=7472, stack(0x000000001c3d0000,0x000000001c4d0000)]
  0x000000001ac5e800 JavaThread "Daemon" [_thread_blocked, id=3172, stack(0x000000001c2d0000,0x000000001c3d0000)]
  0x000000001aca5800 JavaThread "Daemon periodic checks" [_thread_blocked, id=11440, stack(0x000000001c1d0000,0x000000001c2d0000)]
  0x000000001ac26800 JavaThread "Incoming local TCP Connector on port 17729" [_thread_in_native, id=224, stack(0x000000001bf90000,0x000000001c090000)]
  0x000000001ab78000 JavaThread "Daemon health stats" [_thread_blocked, id=12572, stack(0x000000001b950000,0x000000001ba50000)]
  0x00000000172ad800 JavaThread "Service Thread" daemon [_thread_blocked, id=12544, stack(0x0000000018fb0000,0x00000000190b0000)]
  0x0000000017267000 JavaThread "C1 CompilerThread2" daemon [_thread_blocked, id=1996, stack(0x0000000018ab0000,0x0000000018bb0000)]
  0x0000000017258800 JavaThread "C2 CompilerThread1" daemon [_thread_in_native, id=4308, stack(0x00000000189b0000,0x0000000018ab0000)]
=>0x0000000017255800 JavaThread "C2 CompilerThread0" daemon [_thread_in_native, id=2060, stack(0x00000000188b0000,0x00000000189b0000)]
  0x0000000017253000 JavaThread "Attach Listener" daemon [_thread_blocked, id=6052, stack(0x00000000187b0000,0x00000000188b0000)]
  0x0000000017252000 JavaThread "Signal Dispatcher" daemon [_thread_blocked, id=5252, stack(0x00000000186b0000,0x00000000187b0000)]
  0x000000000262b800 JavaThread "Finalizer" daemon [_thread_blocked, id=7388, stack(0x00000000184b0000,0x00000000185b0000)]
  0x0000000017239000 JavaThread "Reference Handler" daemon [_thread_blocked, id=7604, stack(0x00000000183b0000,0x00000000184b0000)]
  0x0000000002532800 JavaThread "main" [_thread_blocked, id=4128, stack(0x0000000002430000,0x0000000002530000)]

Other Threads:
  0x0000000017215800 VMThread [stack: 0x00000000182b0000,0x00000000183b0000] [id=1428]
  0x00000000172ae800 WatcherThread [stack: 0x00000000190b0000,0x00000000191b0000] [id=8252]

VM state:not at safepoint (normal execution)

VM Mutex/Monitor currently owned by a thread: None

heap address: 0x0000000080000000, size: 2048 MB, Compressed Oops mode: 32-bit
Narrow klass base: 0x0000000000000000, Narrow klass shift: 3
Compressed class space size: 1073741824 Address: 0x0000000100000000

Heap:
 PSYoungGen      total 489984K, used 259214K [0x00000000d5580000, 0x00000000fd600000, 0x0000000100000000)
  eden space 436224K, 59% used [0x00000000d5580000,0x00000000e52a3828,0x00000000eff80000)
  from space 53760K, 0% used [0x00000000f5380000,0x00000000f5380000,0x00000000f8800000)
  to   space 86016K, 0% used [0x00000000eff80000,0x00000000eff80000,0x00000000f5380000)
 ParOldGen       total 293888K, used 169313K [0x0000000080000000, 0x0000000091f00000, 0x00000000d5580000)
  object space 293888K, 57% used [0x0000000080000000,0x000000008a558438,0x0000000091f00000)
 Metaspace       used 94041K, capacity 98080K, committed 98344K, reserved 1134592K
  class space    used 12450K, capacity 13257K, committed 13360K, reserved 1048576K

Card table byte_map: [0x00000000119f0000,0x0000000011e00000] byte_map_base: 0x00000000115f0000

Marking Bits: (ParMarkBitMap*) 0x000000007196f030
 Begin Bits: [0x00000000124b0000, 0x00000000144b0000)
 End Bits:   [0x00000000144b0000, 0x00000000164b0000)

Polling page: 0x0000000000650000

CodeCache: size=245760Kb used=44641Kb max_used=44652Kb free=201118Kb
 bounds [0x0000000002630000, 0x0000000005200000, 0x0000000011630000]
 total_blobs=14421 nmethods=13540 adapters=791
 compilation: enabled

Compilation events (10 events):
Event: 37.839 Thread 0x0000000017267000 16199       3       com.android.tools.r8.graph.H0::a (117 bytes)
Event: 37.840 Thread 0x0000000017267000 nmethod 16199 0x00000000051dff50 code [0x00000000051e0280, 0x00000000051e18b8]
Event: 37.842 Thread 0x0000000017258800 nmethod 16176% 0x00000000051fa6d0 code [0x00000000051fa880, 0x00000000051fbad8]
Event: 37.842 Thread 0x0000000017258800 16136       4       java.util.function.Predicate$$Lambda$20/904391441::test (13 bytes)
Event: 37.845 Thread 0x0000000017267000 16201       1       com.android.tools.r8.u.b.h1::Q0 (2 bytes)
Event: 37.845 Thread 0x0000000017267000 nmethod 16201 0x00000000051dc290 code [0x00000000051dc3e0, 0x00000000051dc4f0]
Event: 37.847 Thread 0x0000000017258800 nmethod 16136 0x00000000051f6b90 code [0x00000000051f6d20, 0x00000000051f70f8]
Event: 37.847 Thread 0x0000000017258800 15841 %     4       com.android.tools.r8.ir.conversion.N::a @ 803 (3075 bytes)
Event: 37.854 Thread 0x0000000017267000 16203       2       com.android.tools.r8.s.a.a.b.f$i::size (14 bytes)
Event: 37.854 Thread 0x0000000017267000 nmethod 16203 0x00000000051dfb90 code [0x00000000051dfd00, 0x00000000051dfe98]

GC Heap History (10 events):
Event: 22.643 GC heap before
{Heap before GC invocations=17 (full 3):
 PSYoungGen      total 299520K, used 291245K [0x00000000d5580000, 0x00000000ef380000, 0x0000000100000000)
  eden space 276480K, 100% used [0x00000000d5580000,0x00000000e6380000,0x00000000e6380000)
  from space 23040K, 64% used [0x00000000e6380000,0x00000000e71eb408,0x00000000e7a00000)
  to   space 23552K, 0% used [0x00000000edc80000,0x00000000edc80000,0x00000000ef380000)
 ParOldGen       total 91648K, used 51565K [0x0000000080000000, 0x0000000085980000, 0x00000000d5580000)
  object space 91648K, 56% used [0x0000000080000000,0x000000008325b448,0x0000000085980000)
 Metaspace       used 81243K, capacity 84310K, committed 84520K, reserved 1122304K
  class space    used 10831K, capacity 11494K, committed 11568K, reserved 1048576K
Event: 22.777 GC heap after
Heap after GC invocations=17 (full 3):
 PSYoungGen      total 375296K, used 23527K [0x00000000d5580000, 0x00000000f2980000, 0x0000000100000000)
  eden space 351744K, 0% used [0x00000000d5580000,0x00000000d5580000,0x00000000ead00000)
  from space 23552K, 99% used [0x00000000edc80000,0x00000000ef379d80,0x00000000ef380000)
  to   space 48640K, 0% used [0x00000000ead00000,0x00000000ead00000,0x00000000edc80000)
 ParOldGen       total 110080K, used 110017K [0x0000000080000000, 0x0000000086b80000, 0x00000000d5580000)
  object space 110080K, 99% used [0x0000000080000000,0x0000000086b70400,0x0000000086b80000)
 Metaspace       used 81243K, capacity 84310K, committed 84520K, reserved 1122304K
  class space    used 10831K, capacity 11494K, committed 11568K, reserved 1048576K
}
Event: 22.777 GC heap before
{Heap before GC invocations=18 (full 4):
 PSYoungGen      total 375296K, used 23527K [0x00000000d5580000, 0x00000000f2980000, 0x0000000100000000)
  eden space 351744K, 0% used [0x00000000d5580000,0x00000000d5580000,0x00000000ead00000)
  from space 23552K, 99% used [0x00000000edc80000,0x00000000ef379d80,0x00000000ef380000)
  to   space 48640K, 0% used [0x00000000ead00000,0x00000000ead00000,0x00000000edc80000)
 ParOldGen       total 110080K, used 110017K [0x0000000080000000, 0x0000000086b80000, 0x00000000d5580000)
  object space 110080K, 99% used [0x0000000080000000,0x0000000086b70400,0x0000000086b80000)
 Metaspace       used 81243K, capacity 84310K, committed 84520K, reserved 1122304K
  class space    used 10831K, capacity 11494K, committed 11568K, reserved 1048576K
Event: 23.365 GC heap after
Heap after GC invocations=18 (full 4):
 PSYoungGen      total 375296K, used 13245K [0x00000000d5580000, 0x00000000f2980000, 0x0000000100000000)
  eden space 351744K, 0% used [0x00000000d5580000,0x00000000d5580000,0x00000000ead00000)
  from space 23552K, 56% used [0x00000000edc80000,0x00000000ee96f768,0x00000000ef380000)
  to   space 48640K, 0% used [0x00000000ead00000,0x00000000ead00000,0x00000000edc80000)
 ParOldGen       total 200192K, used 109672K [0x0000000080000000, 0x000000008c380000, 0x00000000d5580000)
  object space 200192K, 54% used [0x0000000080000000,0x0000000086b1a060,0x000000008c380000)
 Metaspace       used 81165K, capacity 84080K, committed 84520K, reserved 1122304K
  class space    used 10807K, capacity 11451K, committed 11568K, reserved 1048576K
}
Event: 25.731 GC heap before
{Heap before GC invocations=19 (full 4):
 PSYoungGen      total 375296K, used 364989K [0x00000000d5580000, 0x00000000f2980000, 0x0000000100000000)
  eden space 351744K, 100% used [0x00000000d5580000,0x00000000ead00000,0x00000000ead00000)
  from space 23552K, 56% used [0x00000000edc80000,0x00000000ee96f768,0x00000000ef380000)
  to   space 48640K, 0% used [0x00000000ead00000,0x00000000ead00000,0x00000000edc80000)
 ParOldGen       total 200192K, used 109672K [0x0000000080000000, 0x000000008c380000, 0x00000000d5580000)
  object space 200192K, 54% used [0x0000000080000000,0x0000000086b1a060,0x000000008c380000)
 Metaspace       used 85491K, capacity 88658K, committed 88872K, reserved 1126400K
  class space    used 11356K, capacity 12036K, committed 12080K, reserved 1048576K
Event: 25.801 GC heap after
Heap after GC invocations=19 (full 4):
 PSYoungGen      total 400384K, used 39172K [0x00000000d5580000, 0x00000000f8800000, 0x0000000100000000)
  eden space 351744K, 0% used [0x00000000d5580000,0x00000000d5580000,0x00000000ead00000)
  from space 48640K, 80% used [0x00000000ead00000,0x00000000ed341298,0x00000000edc80000)
  to   space 53760K, 0% used [0x00000000f5380000,0x00000000f5380000,0x00000000f8800000)
 ParOldGen       total 200192K, used 122620K [0x0000000080000000, 0x000000008c380000, 0x00000000d5580000)
  object space 200192K, 61% used [0x0000000080000000,0x00000000877bf1e0,0x000000008c380000)
 Metaspace       used 85491K, capacity 88658K, committed 88872K, reserved 1126400K
  class space    used 11356K, capacity 12036K, committed 12080K, reserved 1048576K
}
Event: 30.244 GC heap before
{Heap before GC invocations=20 (full 4):
 PSYoungGen      total 400384K, used 390916K [0x00000000d5580000, 0x00000000f8800000, 0x0000000100000000)
  eden space 351744K, 100% used [0x00000000d5580000,0x00000000ead00000,0x00000000ead00000)
  from space 48640K, 80% used [0x00000000ead00000,0x00000000ed341298,0x00000000edc80000)
  to   space 53760K, 0% used [0x00000000f5380000,0x00000000f5380000,0x00000000f8800000)
 ParOldGen       total 200192K, used 122620K [0x0000000080000000, 0x000000008c380000, 0x00000000d5580000)
  object space 200192K, 61% used [0x0000000080000000,0x00000000877bf1e0,0x000000008c380000)
 Metaspace       used 92817K, capacity 96506K, committed 96552K, reserved 1132544K
  class space    used 12311K, capacity 13058K, committed 13104K, reserved 1048576K
Event: 30.719 GC heap after
Heap after GC invocations=20 (full 4):
 PSYoungGen      total 489984K, used 53753K [0x00000000d5580000, 0x00000000fd600000, 0x0000000100000000)
  eden space 436224K, 0% used [0x00000000d5580000,0x00000000d5580000,0x00000000eff80000)
  from space 53760K, 99% used [0x00000000f5380000,0x00000000f87fe490,0x00000000f8800000)
  to   space 86016K, 0% used [0x00000000eff80000,0x00000000eff80000,0x00000000f5380000)
 ParOldGen       total 200192K, used 185552K [0x0000000080000000, 0x000000008c380000, 0x00000000d5580000)
  object space 200192K, 92% used [0x0000000080000000,0x000000008b534250,0x000000008c380000)
 Metaspace       used 92817K, capacity 96506K, committed 96552K, reserved 1132544K
  class space    used 12311K, capacity 13058K, committed 13104K, reserved 1048576K
}
Event: 30.719 GC heap before
{Heap before GC invocations=21 (full 5):
 PSYoungGen      total 489984K, used 53753K [0x00000000d5580000, 0x00000000fd600000, 0x0000000100000000)
  eden space 436224K, 0% used [0x00000000d5580000,0x00000000d5580000,0x00000000eff80000)
  from space 53760K, 99% used [0x00000000f5380000,0x00000000f87fe490,0x00000000f8800000)
  to   space 86016K, 0% used [0x00000000eff80000,0x00000000eff80000,0x00000000f5380000)
 ParOldGen       total 200192K, used 185552K [0x0000000080000000, 0x000000008c380000, 0x00000000d5580000)
  object space 200192K, 92% used [0x0000000080000000,0x000000008b534250,0x000000008c380000)
 Metaspace       used 92817K, capacity 96506K, committed 96552K, reserved 1132544K
  class space    used 12311K, capacity 13058K, committed 13104K, reserved 1048576K
Event: 34.995 GC heap after
Heap after GC invocations=21 (full 5):
 PSYoungGen      total 489984K, used 0K [0x00000000d5580000, 0x00000000fd600000, 0x0000000100000000)
  eden space 436224K, 0% used [0x00000000d5580000,0x00000000d5580000,0x00000000eff80000)
  from space 53760K, 0% used [0x00000000f5380000,0x00000000f5380000,0x00000000f8800000)
  to   space 86016K, 0% used [0x00000000eff80000,0x00000000eff80000,0x00000000f5380000)
 ParOldGen       total 293888K, used 169313K [0x0000000080000000, 0x0000000091f00000, 0x00000000d5580000)
  object space 293888K, 57% used [0x0000000080000000,0x000000008a558438,0x0000000091f00000)
 Metaspace       used 92800K, capacity 96464K, committed 96552K, reserved 1132544K
  class space    used 12304K, capacity 13047K, committed 13104K, reserved 1048576K
}

Deoptimization events (10 events):
Event: 37.557 Thread 0x000000001e3f9800 Uncommon trap: reason=class_check action=maybe_recompile pc=0x0000000003c6a290 method=com.android.tools.build.apkzlib.zip.CentralDirectoryHeader.getCompressionInfoWithWait()Lcom/android/tools/build/apkzlib/zip/CentralDirectoryHeaderCompressInfo; @ 4
Event: 37.557 Thread 0x000000001e3f9800 Uncommon trap: reason=unstable_if action=reinterpret pc=0x0000000004bfaed4 method=com.android.tools.build.apkzlib.zip.ExtraField.size()I @ 4
Event: 37.557 Thread 0x000000001e3f9800 Uncommon trap: reason=unstable_if action=reinterpret pc=0x0000000004794e54 method=com.android.tools.build.apkzlib.zip.ExtraField.size()I @ 4
Event: 37.557 Thread 0x000000001e3f9800 Uncommon trap: reason=class_check action=maybe_recompile pc=0x0000000003c6a290 method=com.android.tools.build.apkzlib.zip.CentralDirectoryHeader.getCompressionInfoWithWait()Lcom/android/tools/build/apkzlib/zip/CentralDirectoryHeaderCompressInfo; @ 4
Event: 37.575 Thread 0x000000001e3f9800 Uncommon trap: reason=class_check action=maybe_recompile pc=0x0000000003c6a290 method=com.android.tools.build.apkzlib.zip.CentralDirectoryHeader.getCompressionInfoWithWait()Lcom/android/tools/build/apkzlib/zip/CentralDirectoryHeaderCompressInfo; @ 4
Event: 37.576 Thread 0x000000001e3f9800 Uncommon trap: reason=class_check action=maybe_recompile pc=0x0000000004aab458 method=java.util.function.Predicate.lambda$and$0(Ljava/util/function/Predicate;Ljava/lang/Object;)Z @ 12
Event: 37.576 Thread 0x000000001e3f9800 Uncommon trap: reason=class_check action=maybe_recompile pc=0x0000000004aab458 method=java.util.function.Predicate.lambda$and$0(Ljava/util/function/Predicate;Ljava/lang/Object;)Z @ 12
Event: 37.576 Thread 0x000000001e3f9800 Uncommon trap: reason=class_check action=maybe_recompile pc=0x0000000004aab458 method=java.util.function.Predicate.lambda$and$0(Ljava/util/function/Predicate;Ljava/lang/Object;)Z @ 12
Event: 37.576 Thread 0x000000001e3f9800 Uncommon trap: reason=class_check action=maybe_recompile pc=0x0000000004aab458 method=java.util.function.Predicate.lambda$and$0(Ljava/util/function/Predicate;Ljava/lang/Object;)Z @ 12
Event: 37.579 Thread 0x000000001e3f9800 Uncommon trap: reason=class_check action=maybe_recompile pc=0x0000000003c6a290 method=com.android.tools.build.apkzlib.zip.CentralDirectoryHeader.getCompressionInfoWithWait()Lcom/android/tools/build/apkzlib/zip/CentralDirectoryHeaderCompressInfo; @ 4

Classes redefined (0 events):
No events

Internal exceptions (10 events):
Event: 37.439 Thread 0x000000001e3f2000 Exception <a 'sun/nio/fs/WindowsException'> (0x00000000e037f518) thrown at [C:\src\AOSP-openjdk-git\hotspot\src\share\vm\prims\jni.cpp, line 710]
Event: 37.557 Thread 0x000000001e3f9800 Implicit null exception at 0x0000000004bfae6a to 0x0000000004bfaeb9
Event: 37.557 Thread 0x000000001e3f9800 Implicit null exception at 0x0000000004794e30 to 0x0000000004794e40
Event: 37.623 Thread 0x000000001e3ff800 Exception <a 'sun/nio/fs/WindowsException'> (0x00000000e1be53c8) thrown at [C:\src\AOSP-openjdk-git\hotspot\src\share\vm\prims\jni.cpp, line 710]
Event: 37.705 Thread 0x000000001e3f2000 Exception <a 'sun/nio/fs/WindowsException'> (0x00000000e03c8418) thrown at [C:\src\AOSP-openjdk-git\hotspot\src\share\vm\prims\jni.cpp, line 710]
Event: 37.705 Thread 0x000000001e3f2000 Exception <a 'sun/nio/fs/WindowsException'> (0x00000000e03c8ea8) thrown at [C:\src\AOSP-openjdk-git\hotspot\src\share\vm\prims\jni.cpp, line 710]
Event: 37.706 Thread 0x000000001e3f2000 Exception <a 'sun/nio/fs/WindowsException'> (0x00000000e03c9408) thrown at [C:\src\AOSP-openjdk-git\hotspot\src\share\vm\prims\jni.cpp, line 710]
Event: 37.706 Thread 0x000000001e3f2000 Exception <a 'sun/nio/fs/WindowsException'> (0x00000000e03ca270) thrown at [C:\src\AOSP-openjdk-git\hotspot\src\share\vm\prims\jni.cpp, line 710]
Event: 37.706 Thread 0x000000001e3f2000 Exception <a 'sun/nio/fs/WindowsException'> (0x00000000e03ca7c0) thrown at [C:\src\AOSP-openjdk-git\hotspot\src\share\vm\prims\jni.cpp, line 710]
Event: 37.706 Thread 0x000000001e3f2000 Exception <a 'sun/nio/fs/WindowsException'> (0x00000000e03cb618) thrown at [C:\src\AOSP-openjdk-git\hotspot\src\share\vm\prims\jni.cpp, line 710]

Events (10 events):
Event: 37.807 loading class com/android/tools/build/apkzlib/zip/ZFile
Event: 37.807 loading class com/android/tools/build/apkzlib/zip/ZFile done
Event: 37.824 Thread 0x000000001e3f0800 DEOPT PACKING pc=0x0000000004dc5341 sp=0x000000002518c3f0
Event: 37.824 Thread 0x000000001e3f0800 DEOPT UNPACKING pc=0x00000000026775d0 sp=0x000000002518c458 mode 0
Event: 37.835 loading class com/android/tools/build/apkzlib/utils/CachedFileContents
Event: 37.835 loading class com/android/tools/build/apkzlib/utils/CachedFileContents done
Event: 37.837 loading class com/android/tools/build/apkzlib/zip/ZFileExtension
Event: 37.837 loading class com/android/tools/build/apkzlib/zip/ZFileExtension done
Event: 37.837 loading class com/android/tools/build/apkzlib/utils/IOExceptionFunction
Event: 37.837 loading class com/android/tools/build/apkzlib/utils/IOExceptionFunction done


Dynamic libraries:
0x00007ff7d6e90000 - 0x00007ff7d6ec1000 	C:\Program Files\Android\Android Studio\jre\bin\java.exe
0x00007ffe24c10000 - 0x00007ffe24e05000 	C:\WINDOWS\SYSTEM32\ntdll.dll
0x00007ffe23c50000 - 0x00007ffe23d0e000 	C:\WINDOWS\System32\KERNEL32.DLL
0x00007ffe22530000 - 0x00007ffe227f8000 	C:\WINDOWS\System32\KERNELBASE.dll
0x00007ffe235a0000 - 0x00007ffe2364c000 	C:\WINDOWS\System32\ADVAPI32.dll
0x00007ffe22d10000 - 0x00007ffe22dae000 	C:\WINDOWS\System32\msvcrt.dll
0x00007ffe22c60000 - 0x00007ffe22cfb000 	C:\WINDOWS\System32\sechost.dll
0x00007ffe23470000 - 0x00007ffe2359a000 	C:\WINDOWS\System32\RPCRT4.dll
0x00007ffe23260000 - 0x00007ffe23401000 	C:\WINDOWS\System32\USER32.dll
0x00007ffe22c30000 - 0x00007ffe22c52000 	C:\WINDOWS\System32\win32u.dll
0x00007ffe23230000 - 0x00007ffe2325b000 	C:\WINDOWS\System32\GDI32.dll
0x00007ffe22920000 - 0x00007ffe22a2b000 	C:\WINDOWS\System32\gdi32full.dll
0x00007ffe22490000 - 0x00007ffe2252d000 	C:\WINDOWS\System32\msvcp_win.dll
0x00007ffe22a80000 - 0x00007ffe22b80000 	C:\WINDOWS\System32\ucrtbase.dll
0x00007ffe11580000 - 0x00007ffe1181a000 	C:\WINDOWS\WinSxS\amd64_microsoft.windows.common-controls_6595b64144ccf1df_6.0.19041.1110_none_60b5254171f9507e\COMCTL32.dll
0x00007ffe23b70000 - 0x00007ffe23ba0000 	C:\WINDOWS\System32\IMM32.DLL
0x0000000072150000 - 0x0000000072222000 	C:\Program Files\Android\Android Studio\jre\jre\bin\msvcr100.dll
0x00000000711a0000 - 0x00000000719eb000 	C:\Program Files\Android\Android Studio\jre\jre\bin\server\jvm.dll
0x00007ffe24360000 - 0x00007ffe24368000 	C:\WINDOWS\System32\PSAPI.DLL
0x00007ffe13e10000 - 0x00007ffe13e37000 	C:\WINDOWS\SYSTEM32\WINMM.dll
0x00007ffe1f810000 - 0x00007ffe1f819000 	C:\WINDOWS\SYSTEM32\WSOCK32.dll
0x00007ffe14680000 - 0x00007ffe1468a000 	C:\WINDOWS\SYSTEM32\VERSION.dll
0x00007ffe23650000 - 0x00007ffe236bb000 	C:\WINDOWS\System32\WS2_32.dll
0x00007ffe1f800000 - 0x00007ffe1f80f000 	C:\Program Files\Android\Android Studio\jre\jre\bin\verify.dll
0x00007ffdff600000 - 0x00007ffdff629000 	C:\Program Files\Android\Android Studio\jre\jre\bin\java.dll
0x00007ffe14000000 - 0x00007ffe14016000 	C:\Program Files\Android\Android Studio\jre\jre\bin\zip.dll
0x00007ffe24480000 - 0x00007ffe24bbf000 	C:\WINDOWS\System32\SHELL32.dll
0x00007ffe20430000 - 0x00007ffe20bc0000 	C:\WINDOWS\SYSTEM32\windows.storage.dll
0x00007ffe236c0000 - 0x00007ffe23a15000 	C:\WINDOWS\System32\combase.dll
0x00007ffe21cb0000 - 0x00007ffe21cde000 	C:\WINDOWS\SYSTEM32\Wldp.dll
0x00007ffe243d0000 - 0x00007ffe2447d000 	C:\WINDOWS\System32\SHCORE.dll
0x00007ffe24370000 - 0x00007ffe243c5000 	C:\WINDOWS\System32\shlwapi.dll
0x00007ffe22270000 - 0x00007ffe2228f000 	C:\WINDOWS\SYSTEM32\profapi.dll
0x00007ffe0ec50000 - 0x00007ffe0ec6a000 	C:\Program Files\Android\Android Studio\jre\jre\bin\net.dll
0x00007ffe21a10000 - 0x00007ffe21a7a000 	C:\WINDOWS\system32\mswsock.dll
0x00007ffdff5e0000 - 0x00007ffdff5f3000 	C:\Program Files\Android\Android Studio\jre\jre\bin\nio.dll
0x00007ffe1c970000 - 0x00007ffe1c996000 	C:\Users\Administrator\.gradle\native\31\windows-amd64\native-platform.dll
0x00007ffe1f7f0000 - 0x00007ffe1f7fd000 	C:\Program Files\Android\Android Studio\jre\jre\bin\management.dll
0x00007ffe21c00000 - 0x00007ffe21c18000 	C:\WINDOWS\SYSTEM32\CRYPTSP.dll
0x00007ffe21390000 - 0x00007ffe213c4000 	C:\WINDOWS\system32\rsaenh.dll
0x00007ffe22890000 - 0x00007ffe228b7000 	C:\WINDOWS\System32\bcrypt.dll
0x00007ffe221f0000 - 0x00007ffe2221e000 	C:\WINDOWS\SYSTEM32\USERENV.dll
0x00007ffe22800000 - 0x00007ffe22883000 	C:\WINDOWS\System32\bcryptprimitives.dll
0x00007ffe21c20000 - 0x00007ffe21c2c000 	C:\WINDOWS\SYSTEM32\CRYPTBASE.dll
0x00007ffe21700000 - 0x00007ffe2173b000 	C:\WINDOWS\SYSTEM32\IPHLPAPI.DLL
0x00007ffe24bc0000 - 0x00007ffe24bc8000 	C:\WINDOWS\System32\NSI.dll
0x00007ffe15060000 - 0x00007ffe15077000 	C:\WINDOWS\SYSTEM32\dhcpcsvc6.DLL
0x00007ffe19520000 - 0x00007ffe1953d000 	C:\WINDOWS\SYSTEM32\dhcpcsvc.DLL
0x00007ffe21740000 - 0x00007ffe2180b000 	C:\WINDOWS\SYSTEM32\DNSAPI.dll

VM Arguments:
jvm_args: -Xmx2048m -Dfile.encoding=windows-1252 -Duser.country=US -Duser.language=en -Duser.variant 
java_command: org.gradle.launcher.daemon.bootstrap.GradleDaemon 6.1.1
java_class_path (initial): C:\Users\Administrator\.gradle\wrapper\dists\gradle-6.1.1-all\cfmwm155h49vnt3hynmlrsdst\gradle-6.1.1\lib\gradle-launcher-6.1.1.jar
Launcher Type: SUN_STANDARD

Environment Variables:
JAVA_HOME=C:\Program Files\Java\jdk1.8.0_191
PATH=C:\Program Files\Eclipse Adoptium\jdk-17.0.1.12-hotspot\bin;C:\Program Files (x86)\Common Files\Oracle\Java\javapath;C:\WINDOWS\system32;C:\WINDOWS;C:\WINDOWS\System32\Wbem;C:\WINDOWS\System32\WindowsPowerShell\v1.0\;C:\Program Files (x86)\Microsoft SQL Server\100\Tools\Binn\;C:\Program Files (x86)\Microsoft SQL Server\100\DTS\Binn\;C:\Program Files (x86)\Microsoft SQL Server\100\Tools\Binn\VSShell\Common7\IDE\;C:\Program Files (x86)\Microsoft Visual Studio 9.0\Common7\IDE\PrivateAssemblies\;C:\Program Files (x86)\Windows Kits\8.1\Windows Performance Toolkit\;C:\Program Files\Microsoft SQL Server\110\Tools\Binn\;C:\WINDOWS\System32\OpenSSH\;D:\MyApplication\bin;C:\Program Files\TortoiseSVN\bin;C:\Program Files\Java\jdk1.8.0_191\bin;C:\Program Files\Microsoft SQL Server\130\Tools\Binn\;C:\Program Files (x86)\Microsoft SQL Server\Client SDK\ODBC\130\Tools\Binn\;C:\Program Files (x86)\Microsoft SQL Server\140\Tools\Binn\;C:\Program Files (x86)\Microsoft SQL Server\140\DTS\Binn\;C:\Program Files (x86)\Microsoft SQL Server\140\Tools\Binn\ManagementStudio\;C:\Program Files\Git\cmd;C:\Users\Administrator\AppData\Local\Microsoft\WindowsApps;C:\Users\Administrator\AppData\Local\Programs\Microsoft VS Code\bin;C:\flutter\bin;D:\Program Files\nuget;C:\Users\Administrator\AppData\Local\Microsoft\WindowsApps;C:\Users\Administrator\AppData\Local\GitHubDesktop\bin;
USERNAME=Administrator
OS=Windows_NT
PROCESSOR_IDENTIFIER=Intel64 Family 6 Model 60 Stepping 3, GenuineIntel



---------------  S Y S T E M  ---------------

OS: Windows 10.0 , 64 bit Build 19041 (10.0.19041.1348)

CPU:total 4 (initial active 4) (4 cores per cpu, 1 threads per core) family 6 model 60 stepping 3, cmov, cx8, fxsr, mmx, sse, sse2, sse3, ssse3, sse4.1, sse4.2, popcnt, avx, avx2, aes, clmul, erms, lzcnt, tsc, tscinvbit, bmi1, bmi2

Memory: 4k page, physical 8286368k(486584k free), swap 16674976k(4252k free)

vm_info: OpenJDK 64-Bit Server VM (25.242-b01) for windows-amd64 JRE (1.8.0_242-release-1644-b01), built by "builder" with MS VC++ 10.0 (VS2010)

time: Tue Jan 04 16:58:04 2022
timezone: SE Asia Standard Time
elapsed time: 37 seconds (0d 0h 0m 37s)

