#
# There is insufficient memory for the Java Runtime Environment to continue.
# Native memory allocation (malloc) failed to allocate 2197936 bytes for Chunk::new
# Possible reasons:
#   The system is out of physical RAM or swap space
#   The process is running with CompressedOops enabled, and the Java Heap may be blocking the growth of the native heap
# Possible solutions:
#   Reduce memory load on the system
#   Increase physical memory or swap space
#   Check if swap backing store is full
#   Decrease Java heap size (-Xmx/-Xms)
#   Decrease number of Java threads
#   Decrease Java thread stack sizes (-Xss)
#   Set larger code cache with -XX:ReservedCodeCacheSize=
#   JVM is running with Unscaled Compressed Oops mode in which the Java heap is
#     placed in the first 4GB address space. The Java Heap base address is the
#     maximum limit for the native heap growth. Please use -XX:HeapBaseMinAddress
#     to set the Java Heap base and to place the Java Heap above 4GB virtual address.
# This output file may be truncated or incomplete.
#
#  Out of Memory Error (allocation.cpp:389), pid=13064, tid=0x000000000000272c
#
# JRE version: OpenJDK Runtime Environment (8.0_242-b01) (build 1.8.0_242-release-1644-b01)
# Java VM: OpenJDK 64-Bit Server VM (25.242-b01 mixed mode windows-amd64 compressed oops)
# Failed to write core dump. Minidumps are not enabled by default on client versions of Windows
#

---------------  T H R E A D  ---------------

Current thread (0x0000000017583800):  JavaThread "C2 CompilerThread1" daemon [_thread_in_native, id=10028, stack(0x0000000018cc0000,0x0000000018dc0000)]

Stack: [0x0000000018cc0000,0x0000000018dc0000]
[error occurred during error reporting (printing stack bounds), id 0xc0000005]

Native frames: (J=compiled Java code, j=interpreted, Vv=VM code, C=native code)


Current CompileTask:
C2:   6850 1490   !   4       java.net.URLClassLoader$1::run (63 bytes)


---------------  P R O C E S S  ---------------

Java Threads: ( => current thread )
  0x0000000019ef6800 JavaThread "Thread-9" [_thread_blocked, id=1812, stack(0x000000001be10000,0x000000001bf10000)]
  0x0000000019b61000 JavaThread "Stdin handler" [_thread_blocked, id=3332, stack(0x000000001bd10000,0x000000001be10000)]
  0x000000001ac55800 JavaThread "Asynchronous log dispatcher for DefaultDaemonConnection: socket connection from /127.0.0.1:37771 to /127.0.0.1:37772" [_thread_blocked, id=13292, stack(0x000000001bc10000,0x000000001bd10000)]
  0x000000001ac54000 JavaThread "Daemon worker" [_thread_in_vm, id=7300, stack(0x000000001bb10000,0x000000001bc10000)]
  0x0000000019a5a000 JavaThread "Cancel handler" [_thread_blocked, id=2380, stack(0x000000001ba10000,0x000000001bb10000)]
  0x000000001ac32800 JavaThread "Handler for socket connection from /127.0.0.1:37771 to /127.0.0.1:37772" [_thread_in_native, id=9340, stack(0x000000001b710000,0x000000001b810000)]
  0x000000001ac31800 JavaThread "Daemon" [_thread_blocked, id=9944, stack(0x000000001b610000,0x000000001b710000)]
  0x0000000018ece800 JavaThread "Daemon periodic checks" [_thread_blocked, id=2116, stack(0x000000001b510000,0x000000001b610000)]
  0x000000001ac30800 JavaThread "Incoming local TCP Connector on port 37771" [_thread_in_native, id=7372, stack(0x000000001b2d0000,0x000000001b3d0000)]
  0x000000001ab75000 JavaThread "Daemon health stats" [_thread_blocked, id=10528, stack(0x000000001ac90000,0x000000001ad90000)]
  0x00000000175cc000 JavaThread "Service Thread" daemon [_thread_blocked, id=6820, stack(0x00000000192c0000,0x00000000193c0000)]
  0x00000000175ab800 JavaThread "C1 CompilerThread2" daemon [_thread_blocked, id=2860, stack(0x0000000018dc0000,0x0000000018ec0000)]
=>0x0000000017583800 JavaThread "C2 CompilerThread1" daemon [_thread_in_native, id=10028, stack(0x0000000018cc0000,0x0000000018dc0000)]
  0x0000000017575800 JavaThread "C2 CompilerThread0" daemon [_thread_in_native, id=3312, stack(0x0000000018bc0000,0x0000000018cc0000)]
  0x0000000017573000 JavaThread "Attach Listener" daemon [_thread_blocked, id=9776, stack(0x0000000018ac0000,0x0000000018bc0000)]
  0x0000000017572000 JavaThread "Signal Dispatcher" daemon [_thread_blocked, id=11248, stack(0x00000000189c0000,0x0000000018ac0000)]
  0x0000000002886000 JavaThread "Finalizer" daemon [_thread_blocked, id=296, stack(0x00000000187c0000,0x00000000188c0000)]
  0x0000000017559000 JavaThread "Reference Handler" daemon [_thread_blocked, id=10184, stack(0x00000000186c0000,0x00000000187c0000)]
  0x0000000002792800 JavaThread "main" [_thread_blocked, id=2128, stack(0x00000000025e0000,0x00000000026e0000)]

Other Threads:
  0x0000000017535800 VMThread [stack: 0x00000000185c0000,0x00000000186c0000] [id=6492]
  0x00000000175cd000 WatcherThread [stack: 0x00000000193c0000,0x00000000194c0000] [id=8328]

VM state:not at safepoint (normal execution)

VM Mutex/Monitor currently owned by a thread: None

heap address: 0x0000000080000000, size: 2048 MB, Compressed Oops mode: 32-bit
Narrow klass base: 0x0000000000000000, Narrow klass shift: 3
Compressed class space size: 1073741824 Address: 0x0000000100000000

Heap:
 PSYoungGen      total 38400K, used 31051K [0x00000000d5580000, 0x00000000d9c00000, 0x0000000100000000)
  eden space 33280K, 78% used [0x00000000d5580000,0x00000000d6edacb0,0x00000000d7600000)
  from space 5120K, 99% used [0x00000000d9500000,0x00000000d99f8020,0x00000000d9a00000)
  to   space 2048K, 0% used [0x00000000d9a00000,0x00000000d9a00000,0x00000000d9c00000)
 ParOldGen       total 87552K, used 1179K [0x0000000080000000, 0x0000000085580000, 0x00000000d5580000)
  object space 87552K, 1% used [0x0000000080000000,0x0000000080126f20,0x0000000085580000)
 Metaspace       used 14198K, capacity 14598K, committed 14976K, reserved 1062912K
  class space    used 1935K, capacity 2089K, committed 2176K, reserved 1048576K

Card table byte_map: [0x0000000011d10000,0x0000000012120000] byte_map_base: 0x0000000011910000

Marking Bits: (ParMarkBitMap*) 0x000000005d37f030
 Begin Bits: [0x00000000127d0000, 0x00000000147d0000)
 End Bits:   [0x00000000147d0000, 0x00000000167d0000)

Polling page: 0x0000000000dd0000

CodeCache: size=245760Kb used=5384Kb max_used=5395Kb free=240375Kb
 bounds [0x0000000002950000, 0x0000000002ea0000, 0x0000000011950000]
 total_blobs=1866 nmethods=1482 adapters=297
 compilation: enabled

Compilation events (10 events):
Event: 6.496 Thread 0x00000000175ab800 1482       1       java.lang.Character::charValue (5 bytes)
Event: 6.496 Thread 0x00000000175ab800 nmethod 1482 0x0000000002e8b490 code [0x0000000002e8b5e0, 0x0000000002e8b6f0]
Event: 6.496 Thread 0x00000000175ab800 1488       1       java.util.TreeMap$Entry::getKey (5 bytes)
Event: 6.497 Thread 0x00000000175ab800 nmethod 1488 0x0000000002e8b1d0 code [0x0000000002e8b320, 0x0000000002e8b430]
Event: 6.497 Thread 0x00000000175ab800 1489       1       java.util.TreeMap::access$100 (5 bytes)
Event: 6.497 Thread 0x00000000175ab800 nmethod 1489 0x0000000002e93b10 code [0x0000000002e93c60, 0x0000000002e93d50]
Event: 6.516 Thread 0x0000000017583800 1490   !   4       java.net.URLClassLoader$1::run (63 bytes)
Event: 6.516 Thread 0x0000000017575800 1491   !   4       java.net.URLClassLoader::findClass (47 bytes)
Event: 6.518 Thread 0x0000000017575800 nmethod 1491 0x0000000002e96bd0 code [0x0000000002e96d60, 0x0000000002e96f58]
Event: 6.519 Thread 0x0000000017575800 1492       4       java.net.URLClassLoader$1::run (5 bytes)

GC Heap History (6 events):
Event: 3.326 GC heap before
{Heap before GC invocations=1 (full 0):
 PSYoungGen      total 38400K, used 33280K [0x00000000d5580000, 0x00000000d8000000, 0x0000000100000000)
  eden space 33280K, 100% used [0x00000000d5580000,0x00000000d7600000,0x00000000d7600000)
  from space 5120K, 0% used [0x00000000d7b00000,0x00000000d7b00000,0x00000000d8000000)
  to   space 5120K, 0% used [0x00000000d7600000,0x00000000d7600000,0x00000000d7b00000)
 ParOldGen       total 87552K, used 0K [0x0000000080000000, 0x0000000085580000, 0x00000000d5580000)
  object space 87552K, 0% used [0x0000000080000000,0x0000000080000000,0x0000000085580000)
 Metaspace       used 7189K, capacity 7376K, committed 7680K, reserved 1056768K
  class space    used 883K, capacity 968K, committed 1024K, reserved 1048576K
Event: 3.363 GC heap after
Heap after GC invocations=1 (full 0):
 PSYoungGen      total 38400K, used 4381K [0x00000000d5580000, 0x00000000da080000, 0x0000000100000000)
  eden space 33280K, 0% used [0x00000000d5580000,0x00000000d5580000,0x00000000d7600000)
  from space 5120K, 85% used [0x00000000d7600000,0x00000000d7a47760,0x00000000d7b00000)
  to   space 5120K, 0% used [0x00000000d9b80000,0x00000000d9b80000,0x00000000da080000)
 ParOldGen       total 87552K, used 8K [0x0000000080000000, 0x0000000085580000, 0x00000000d5580000)
  object space 87552K, 0% used [0x0000000080000000,0x0000000080002000,0x0000000085580000)
 Metaspace       used 7189K, capacity 7376K, committed 7680K, reserved 1056768K
  class space    used 883K, capacity 968K, committed 1024K, reserved 1048576K
}
Event: 4.301 GC heap before
{Heap before GC invocations=2 (full 0):
 PSYoungGen      total 38400K, used 37661K [0x00000000d5580000, 0x00000000da080000, 0x0000000100000000)
  eden space 33280K, 100% used [0x00000000d5580000,0x00000000d7600000,0x00000000d7600000)
  from space 5120K, 85% used [0x00000000d7600000,0x00000000d7a47760,0x00000000d7b00000)
  to   space 5120K, 0% used [0x00000000d9b80000,0x00000000d9b80000,0x00000000da080000)
 ParOldGen       total 87552K, used 8K [0x0000000080000000, 0x0000000085580000, 0x00000000d5580000)
  object space 87552K, 0% used [0x0000000080000000,0x0000000080002000,0x0000000085580000)
 Metaspace       used 7415K, capacity 7592K, committed 7680K, reserved 1056768K
  class space    used 906K, capacity 976K, committed 1024K, reserved 1048576K
Event: 4.306 GC heap after
Heap after GC invocations=2 (full 0):
 PSYoungGen      total 36864K, used 3261K [0x00000000d5580000, 0x00000000d9f00000, 0x0000000100000000)
  eden space 33280K, 0% used [0x00000000d5580000,0x00000000d5580000,0x00000000d7600000)
  from space 3584K, 91% used [0x00000000d9b80000,0x00000000d9eaf780,0x00000000d9f00000)
  to   space 5120K, 0% used [0x00000000d9500000,0x00000000d9500000,0x00000000d9a00000)
 ParOldGen       total 87552K, used 24K [0x0000000080000000, 0x0000000085580000, 0x00000000d5580000)
  object space 87552K, 0% used [0x0000000080000000,0x0000000080006000,0x0000000085580000)
 Metaspace       used 7415K, capacity 7592K, committed 7680K, reserved 1056768K
  class space    used 906K, capacity 976K, committed 1024K, reserved 1048576K
}
Event: 6.054 GC heap before
{Heap before GC invocations=3 (full 0):
 PSYoungGen      total 36864K, used 36541K [0x00000000d5580000, 0x00000000d9f00000, 0x0000000100000000)
  eden space 33280K, 100% used [0x00000000d5580000,0x00000000d7600000,0x00000000d7600000)
  from space 3584K, 91% used [0x00000000d9b80000,0x00000000d9eaf780,0x00000000d9f00000)
  to   space 5120K, 0% used [0x00000000d9500000,0x00000000d9500000,0x00000000d9a00000)
 ParOldGen       total 87552K, used 24K [0x0000000080000000, 0x0000000085580000, 0x00000000d5580000)
  object space 87552K, 0% used [0x0000000080000000,0x0000000080006000,0x0000000085580000)
 Metaspace       used 12124K, capacity 12420K, committed 12544K, reserved 1060864K
  class space    used 1610K, capacity 1730K, committed 1792K, reserved 1048576K
Event: 6.062 GC heap after
Heap after GC invocations=3 (full 0):
 PSYoungGen      total 38400K, used 5088K [0x00000000d5580000, 0x00000000d9c00000, 0x0000000100000000)
  eden space 33280K, 0% used [0x00000000d5580000,0x00000000d5580000,0x00000000d7600000)
  from space 5120K, 99% used [0x00000000d9500000,0x00000000d99f8020,0x00000000d9a00000)
  to   space 2048K, 0% used [0x00000000d9a00000,0x00000000d9a00000,0x00000000d9c00000)
 ParOldGen       total 87552K, used 1179K [0x0000000080000000, 0x0000000085580000, 0x00000000d5580000)
  object space 87552K, 1% used [0x0000000080000000,0x0000000080126f20,0x0000000085580000)
 Metaspace       used 12124K, capacity 12420K, committed 12544K, reserved 1060864K
  class space    used 1610K, capacity 1730K, committed 1792K, reserved 1048576K
}

Deoptimization events (10 events):
Event: 5.955 Thread 0x000000001ac32800 Uncommon trap: reason=unstable_if action=reinterpret pc=0x0000000002d76da4 method=java.util.concurrent.ConcurrentHashMap.putVal(Ljava/lang/Object;Ljava/lang/Object;Z)Ljava/lang/Object; @ 206
Event: 5.980 Thread 0x000000001ac32800 Uncommon trap: reason=unstable_if action=reinterpret pc=0x0000000002c8f70c method=java.lang.String.substring(I)Ljava/lang/String; @ 35
Event: 6.041 Thread 0x000000001ac54000 Uncommon trap: reason=bimorphic action=maybe_recompile pc=0x0000000002c2e014 method=java.util.HashMap.putVal(ILjava/lang/Object;Ljava/lang/Object;ZZ)Ljava/lang/Object; @ 253
Event: 6.042 Thread 0x000000001ac54000 Uncommon trap: reason=bimorphic action=maybe_recompile pc=0x0000000002c2e014 method=java.util.HashMap.putVal(ILjava/lang/Object;Ljava/lang/Object;ZZ)Ljava/lang/Object; @ 253
Event: 6.042 Thread 0x000000001ac54000 Uncommon trap: reason=bimorphic action=maybe_recompile pc=0x0000000002c2e014 method=java.util.HashMap.putVal(ILjava/lang/Object;Ljava/lang/Object;ZZ)Ljava/lang/Object; @ 253
Event: 6.042 Thread 0x000000001ac54000 Uncommon trap: reason=bimorphic action=maybe_recompile pc=0x0000000002c32cc4 method=java.util.HashMap.putVal(ILjava/lang/Object;Ljava/lang/Object;ZZ)Ljava/lang/Object; @ 253
Event: 6.452 Thread 0x000000001ac54000 Uncommon trap: reason=class_check action=maybe_recompile pc=0x0000000002c9fb44 method=java.util.regex.Matcher.match(II)Z @ 86
Event: 6.470 Thread 0x000000001ac54000 Uncommon trap: reason=class_check action=maybe_recompile pc=0x0000000002c9fb44 method=java.util.regex.Matcher.match(II)Z @ 86
Event: 6.471 Thread 0x000000001ac54000 Uncommon trap: reason=class_check action=maybe_recompile pc=0x0000000002c9fb44 method=java.util.regex.Matcher.match(II)Z @ 86
Event: 6.471 Thread 0x000000001ac54000 Uncommon trap: reason=class_check action=maybe_recompile pc=0x0000000002b12290 method=java.util.regex.Matcher.match(II)Z @ 86

Classes redefined (0 events):
No events

Internal exceptions (10 events):
Event: 5.961 Thread 0x000000001ac32800 Exception <a 'java/lang/NoSuchMethodError': <clinit>> (0x00000000d7346b40) thrown at [C:\src\AOSP-openjdk-git\hotspot\src\share\vm\prims\jni.cpp, line 1615]
Event: 5.966 Thread 0x000000001ac32800 Exception <a 'java/lang/NoSuchMethodError': <clinit>> (0x00000000d7359600) thrown at [C:\src\AOSP-openjdk-git\hotspot\src\share\vm\prims\jni.cpp, line 1615]
Event: 5.969 Thread 0x000000001ac32800 Exception <a 'java/lang/NoSuchMethodError': <clinit>> (0x00000000d73803d0) thrown at [C:\src\AOSP-openjdk-git\hotspot\src\share\vm\prims\jni.cpp, line 1615]
Event: 5.972 Thread 0x000000001ac32800 Exception <a 'java/lang/NoSuchMethodError': <clinit>> (0x00000000d7398098) thrown at [C:\src\AOSP-openjdk-git\hotspot\src\share\vm\prims\jni.cpp, line 1615]
Event: 5.973 Thread 0x000000001ac32800 Exception <a 'java/lang/NoSuchMethodError': <clinit>> (0x00000000d73a0c38) thrown at [C:\src\AOSP-openjdk-git\hotspot\src\share\vm\prims\jni.cpp, line 1615]
Event: 5.975 Thread 0x000000001ac32800 Exception <a 'java/lang/NoSuchMethodError': <clinit>> (0x00000000d73b70c8) thrown at [C:\src\AOSP-openjdk-git\hotspot\src\share\vm\prims\jni.cpp, line 1615]
Event: 5.988 Thread 0x000000001ac32800 Exception <a 'java/lang/NoSuchMethodError': <clinit>> (0x00000000d7412140) thrown at [C:\src\AOSP-openjdk-git\hotspot\src\share\vm\prims\jni.cpp, line 1615]
Event: 5.993 Thread 0x000000001ac32800 Exception <a 'java/lang/NoSuchMethodError': <clinit>> (0x00000000d743eaa0) thrown at [C:\src\AOSP-openjdk-git\hotspot\src\share\vm\prims\jni.cpp, line 1615]
Event: 6.006 Thread 0x000000001ac32800 Exception <a 'java/lang/NoSuchMethodError': <clinit>> (0x00000000d746c028) thrown at [C:\src\AOSP-openjdk-git\hotspot\src\share\vm\prims\jni.cpp, line 1615]
Event: 6.007 Thread 0x000000001ac32800 Exception <a 'java/lang/NoSuchMethodError': <clinit>> (0x00000000d74770b0) thrown at [C:\src\AOSP-openjdk-git\hotspot\src\share\vm\prims\jni.cpp, line 1615]

Events (10 events):
Event: 6.514 loading class kotlin/collections/CollectionsKt__IteratorsJVMKt
Event: 6.514 loading class kotlin/collections/CollectionsKt__IteratorsJVMKt done
Event: 6.515 loading class kotlin/collections/CollectionsKt__IterablesKt
Event: 6.515 loading class kotlin/collections/CollectionsKt__IterablesKt done
Event: 6.516 loading class kotlin/collections/CollectionsKt__CollectionsKt
Event: 6.516 loading class kotlin/collections/CollectionsKt__CollectionsKt done
Event: 6.715 loading class kotlin/collections/CollectionsKt__CollectionsJVMKt
Event: 6.715 loading class kotlin/collections/CollectionsKt__CollectionsJVMKt done
Event: 6.717 loading class kotlin/TypeCastException
Event: 6.717 loading class kotlin/TypeCastException done


Dynamic libraries:
0x00007ff612300000 - 0x00007ff612331000 	C:\Program Files\Android\Android Studio\jre\bin\java.exe
0x00007ffc76210000 - 0x00007ffc76405000 	C:\WINDOWS\SYSTEM32\ntdll.dll
0x00007ffc75d50000 - 0x00007ffc75e0e000 	C:\WINDOWS\System32\KERNEL32.DLL
0x00007ffc73ae0000 - 0x00007ffc73da8000 	C:\WINDOWS\System32\KERNELBASE.dll
0x00007ffc76120000 - 0x00007ffc761cc000 	C:\WINDOWS\System32\ADVAPI32.dll
0x00007ffc75b90000 - 0x00007ffc75c2e000 	C:\WINDOWS\System32\msvcrt.dll
0x00007ffc75af0000 - 0x00007ffc75b8b000 	C:\WINDOWS\System32\sechost.dll
0x00007ffc744e0000 - 0x00007ffc7460a000 	C:\WINDOWS\System32\RPCRT4.dll
0x00007ffc74ba0000 - 0x00007ffc74d41000 	C:\WINDOWS\System32\USER32.dll
0x00007ffc74020000 - 0x00007ffc74042000 	C:\WINDOWS\System32\win32u.dll
0x00007ffc74260000 - 0x00007ffc7428b000 	C:\WINDOWS\System32\GDI32.dll
0x00007ffc74050000 - 0x00007ffc7415b000 	C:\WINDOWS\System32\gdi32full.dll
0x00007ffc73ed0000 - 0x00007ffc73f6d000 	C:\WINDOWS\System32\msvcp_win.dll
0x00007ffc74160000 - 0x00007ffc74260000 	C:\WINDOWS\System32\ucrtbase.dll
0x00007ffc61d00000 - 0x00007ffc61f9a000 	C:\WINDOWS\WinSxS\amd64_microsoft.windows.common-controls_6595b64144ccf1df_6.0.19041.1110_none_60b5254171f9507e\COMCTL32.dll
0x00007ffc76000000 - 0x00007ffc76030000 	C:\WINDOWS\System32\IMM32.DLL
0x000000005cad0000 - 0x000000005cba2000 	C:\Program Files\Android\Android Studio\jre\jre\bin\msvcr100.dll
0x000000005cbb0000 - 0x000000005d3fb000 	C:\Program Files\Android\Android Studio\jre\jre\bin\server\jvm.dll
0x00007ffc74a50000 - 0x00007ffc74a58000 	C:\WINDOWS\System32\PSAPI.DLL
0x00007ffc64120000 - 0x00007ffc64129000 	C:\WINDOWS\SYSTEM32\WSOCK32.dll
0x00007ffc76030000 - 0x00007ffc7609b000 	C:\WINDOWS\System32\WS2_32.dll
0x00007ffc64d50000 - 0x00007ffc64d77000 	C:\WINDOWS\SYSTEM32\WINMM.dll
0x00007ffc65c80000 - 0x00007ffc65c8a000 	C:\WINDOWS\SYSTEM32\VERSION.dll
0x00007ffc63f30000 - 0x00007ffc63f3f000 	C:\Program Files\Android\Android Studio\jre\jre\bin\verify.dll
0x00007ffc62fe0000 - 0x00007ffc63009000 	C:\Program Files\Android\Android Studio\jre\jre\bin\java.dll
0x00007ffc553c0000 - 0x00007ffc553d6000 	C:\Program Files\Android\Android Studio\jre\jre\bin\zip.dll
0x00007ffc74d50000 - 0x00007ffc7548f000 	C:\WINDOWS\System32\SHELL32.dll
0x00007ffc71a30000 - 0x00007ffc721c0000 	C:\WINDOWS\SYSTEM32\windows.storage.dll
0x00007ffc746f0000 - 0x00007ffc74a45000 	C:\WINDOWS\System32\combase.dll
0x00007ffc732b0000 - 0x00007ffc732de000 	C:\WINDOWS\SYSTEM32\Wldp.dll
0x00007ffc74af0000 - 0x00007ffc74b9d000 	C:\WINDOWS\System32\SHCORE.dll
0x00007ffc742f0000 - 0x00007ffc74345000 	C:\WINDOWS\System32\shlwapi.dll
0x00007ffc73870000 - 0x00007ffc7388f000 	C:\WINDOWS\SYSTEM32\profapi.dll
0x00007ffc54d60000 - 0x00007ffc54d7a000 	C:\Program Files\Android\Android Studio\jre\jre\bin\net.dll
0x00007ffc73010000 - 0x00007ffc7307a000 	C:\WINDOWS\system32\mswsock.dll
0x00007ffc50e30000 - 0x00007ffc50e43000 	C:\Program Files\Android\Android Studio\jre\jre\bin\nio.dll
0x00007ffc553e0000 - 0x00007ffc55406000 	C:\Users\Administrator\.gradle\native\31\windows-amd64\native-platform.dll
0x00007ffc63510000 - 0x00007ffc6351d000 	C:\Program Files\Android\Android Studio\jre\jre\bin\management.dll
0x00007ffc73200000 - 0x00007ffc73218000 	C:\WINDOWS\SYSTEM32\CRYPTSP.dll
0x00007ffc72990000 - 0x00007ffc729c4000 	C:\WINDOWS\system32\rsaenh.dll
0x00007ffc73db0000 - 0x00007ffc73dd7000 	C:\WINDOWS\System32\bcrypt.dll
0x00007ffc73830000 - 0x00007ffc7385e000 	C:\WINDOWS\SYSTEM32\USERENV.dll
0x00007ffc73e40000 - 0x00007ffc73ec3000 	C:\WINDOWS\System32\bcryptprimitives.dll
0x00007ffc73220000 - 0x00007ffc7322c000 	C:\WINDOWS\SYSTEM32\CRYPTBASE.dll
0x00007ffc72d00000 - 0x00007ffc72d3b000 	C:\WINDOWS\SYSTEM32\IPHLPAPI.DLL
0x00007ffc74610000 - 0x00007ffc74618000 	C:\WINDOWS\System32\NSI.dll
0x00007ffc684b0000 - 0x00007ffc684c7000 	C:\WINDOWS\SYSTEM32\dhcpcsvc6.DLL
0x00007ffc6a780000 - 0x00007ffc6a79d000 	C:\WINDOWS\SYSTEM32\dhcpcsvc.DLL
0x00007ffc72d40000 - 0x00007ffc72e0b000 	C:\WINDOWS\SYSTEM32\DNSAPI.dll

VM Arguments:
jvm_args: -Xmx2048m -Dfile.encoding=windows-1252 -Duser.country=US -Duser.language=en -Duser.variant 
java_command: org.gradle.launcher.daemon.bootstrap.GradleDaemon 6.1.1
java_class_path (initial): C:\Users\Administrator\.gradle\wrapper\dists\gradle-6.1.1-all\cfmwm155h49vnt3hynmlrsdst\gradle-6.1.1\lib\gradle-launcher-6.1.1.jar
Launcher Type: SUN_STANDARD

Environment Variables:
JAVA_HOME=C:\Program Files\Java\jdk1.8.0_191
PATH=C:\Program Files\Eclipse Adoptium\jdk-17.0.1.12-hotspot\bin;C:\Program Files (x86)\Common Files\Oracle\Java\javapath;C:\WINDOWS\system32;C:\WINDOWS;C:\WINDOWS\System32\Wbem;C:\WINDOWS\System32\WindowsPowerShell\v1.0\;C:\Program Files (x86)\Microsoft SQL Server\100\Tools\Binn\;C:\Program Files (x86)\Microsoft SQL Server\100\DTS\Binn\;C:\Program Files (x86)\Microsoft SQL Server\100\Tools\Binn\VSShell\Common7\IDE\;C:\Program Files (x86)\Microsoft Visual Studio 9.0\Common7\IDE\PrivateAssemblies\;C:\Program Files (x86)\Windows Kits\8.1\Windows Performance Toolkit\;C:\Program Files\Microsoft SQL Server\110\Tools\Binn\;C:\WINDOWS\System32\OpenSSH\;D:\MyApplication\bin;C:\Program Files\TortoiseSVN\bin;C:\Program Files\Java\jdk1.8.0_191\bin;C:\Program Files\Microsoft SQL Server\130\Tools\Binn\;C:\Program Files (x86)\Microsoft SQL Server\Client SDK\ODBC\130\Tools\Binn\;C:\Program Files (x86)\Microsoft SQL Server\140\Tools\Binn\;C:\Program Files (x86)\Microsoft SQL Server\140\DTS\Binn\;C:\Program Files (x86)\Microsoft SQL Server\140\Tools\Binn\ManagementStudio\;C:\Program Files\Git\cmd;C:\Users\Administrator\AppData\Local\Microsoft\WindowsApps;C:\Users\Administrator\AppData\Local\Programs\Microsoft VS Code\bin;C:\flutter\bin;D:\Program Files\nuget;C:\Users\Administrator\AppData\Local\Microsoft\WindowsApps;C:\Users\Administrator\AppData\Local\GitHubDesktop\bin;
USERNAME=Administrator
OS=Windows_NT
PROCESSOR_IDENTIFIER=Intel64 Family 6 Model 60 Stepping 3, GenuineIntel



---------------  S Y S T E M  ---------------

OS: Windows 10.0 , 64 bit Build 19041 (10.0.19041.1348)

CPU:total 4 (initial active 4) (4 cores per cpu, 1 threads per core) family 6 model 60 stepping 3, cmov, cx8, fxsr, mmx, sse, sse2, sse3, ssse3, sse4.1, sse4.2, popcnt, avx, avx2, aes, clmul, erms, lzcnt, tsc, tscinvbit, bmi1, bmi2

Memory: 4k page, physical 8286368k(390948k free), swap 16674976k(6740k free)

vm_info: OpenJDK 64-Bit Server VM (25.242-b01) for windows-amd64 JRE (1.8.0_242-release-1644-b01), built by "builder" with MS VC++ 10.0 (VS2010)

time: Tue Jan 18 15:58:31 2022
timezone: SE Asia Standard Time
elapsed time: 6 seconds (0d 0h 0m 6s)

